<?xml version="1.0" encoding="UTF-8"?>
<testsuite xmlns:xsi="http://www.w3.org/2001/XMLSchema-instance" xsi:noNamespaceSchemaLocation="https://maven.apache.org/surefire/maven-surefire-plugin/xsd/surefire-test-report-3.0.xsd" version="3.0" name="com.mercurows.springboot_reggie.SpringbootReggieApplicationTests" time="4.666" tests="1" errors="0" skipped="0" failures="0">
  <properties>
    <property name="java.specification.version" value="17"/>
    <property name="sun.cpu.isalist" value="amd64"/>
    <property name="sun.jnu.encoding" value="GBK"/>
    <property name="java.class.path" value="e:\VS-Code-C\springboot_reggie\target\test-classes;e:\VS-Code-C\springboot_reggie\target\classes;E:\java\apache-maven-3.6.3\mavenFactory\org\springframework\boot\spring-boot-starter-thymeleaf\3.1.2\spring-boot-starter-thymeleaf-3.1.2.jar;E:\java\apache-maven-3.6.3\mavenFactory\org\springframework\boot\spring-boot-starter\3.1.2\spring-boot-starter-3.1.2.jar;E:\java\apache-maven-3.6.3\mavenFactory\org\springframework\boot\spring-boot-starter-logging\3.1.2\spring-boot-starter-logging-3.1.2.jar;E:\java\apache-maven-3.6.3\mavenFactory\ch\qos\logback\logback-classic\1.4.8\logback-classic-1.4.8.jar;E:\java\apache-maven-3.6.3\mavenFactory\ch\qos\logback\logback-core\1.4.8\logback-core-1.4.8.jar;E:\java\apache-maven-3.6.3\mavenFactory\org\apache\logging\log4j\log4j-to-slf4j\2.20.0\log4j-to-slf4j-2.20.0.jar;E:\java\apache-maven-3.6.3\mavenFactory\org\apache\logging\log4j\log4j-api\2.20.0\log4j-api-2.20.0.jar;E:\java\apache-maven-3.6.3\mavenFactory\org\slf4j\jul-to-slf4j\2.0.7\jul-to-slf4j-2.0.7.jar;E:\java\apache-maven-3.6.3\mavenFactory\jakarta\annotation\jakarta.annotation-api\2.1.1\jakarta.annotation-api-2.1.1.jar;E:\java\apache-maven-3.6.3\mavenFactory\org\yaml\snakeyaml\1.33\snakeyaml-1.33.jar;E:\java\apache-maven-3.6.3\mavenFactory\org\thymeleaf\thymeleaf-spring6\3.1.1.RELEASE\thymeleaf-spring6-3.1.1.RELEASE.jar;E:\java\apache-maven-3.6.3\mavenFactory\org\thymeleaf\thymeleaf\3.1.1.RELEASE\thymeleaf-3.1.1.RELEASE.jar;E:\java\apache-maven-3.6.3\mavenFactory\org\attoparser\attoparser\2.0.6.RELEASE\attoparser-2.0.6.RELEASE.jar;E:\java\apache-maven-3.6.3\mavenFactory\org\unbescape\unbescape\1.1.6.RELEASE\unbescape-1.1.6.RELEASE.jar;E:\java\apache-maven-3.6.3\mavenFactory\org\slf4j\slf4j-api\2.0.7\slf4j-api-2.0.7.jar;E:\java\apache-maven-3.6.3\mavenFactory\org\springframework\boot\spring-boot-starter-web\3.1.2\spring-boot-starter-web-3.1.2.jar;E:\java\apache-maven-3.6.3\mavenFactory\org\springframework\boot\spring-boot-starter-json\3.1.2\spring-boot-starter-json-3.1.2.jar;E:\java\apache-maven-3.6.3\mavenFactory\com\fasterxml\jackson\core\jackson-databind\2.15.2\jackson-databind-2.15.2.jar;E:\java\apache-maven-3.6.3\mavenFactory\com\fasterxml\jackson\core\jackson-annotations\2.15.2\jackson-annotations-2.15.2.jar;E:\java\apache-maven-3.6.3\mavenFactory\com\fasterxml\jackson\core\jackson-core\2.15.2\jackson-core-2.15.2.jar;E:\java\apache-maven-3.6.3\mavenFactory\com\fasterxml\jackson\datatype\jackson-datatype-jdk8\2.15.2\jackson-datatype-jdk8-2.15.2.jar;E:\java\apache-maven-3.6.3\mavenFactory\com\fasterxml\jackson\datatype\jackson-datatype-jsr310\2.15.2\jackson-datatype-jsr310-2.15.2.jar;E:\java\apache-maven-3.6.3\mavenFactory\com\fasterxml\jackson\module\jackson-module-parameter-names\2.15.2\jackson-module-parameter-names-2.15.2.jar;E:\java\apache-maven-3.6.3\mavenFactory\org\springframework\boot\spring-boot-starter-tomcat\3.1.2\spring-boot-starter-tomcat-3.1.2.jar;E:\java\apache-maven-3.6.3\mavenFactory\org\apache\tomcat\embed\tomcat-embed-core\10.1.11\tomcat-embed-core-10.1.11.jar;E:\java\apache-maven-3.6.3\mavenFactory\org\apache\tomcat\embed\tomcat-embed-el\10.1.11\tomcat-embed-el-10.1.11.jar;E:\java\apache-maven-3.6.3\mavenFactory\org\apache\tomcat\embed\tomcat-embed-websocket\10.1.11\tomcat-embed-websocket-10.1.11.jar;E:\java\apache-maven-3.6.3\mavenFactory\org\springframework\spring-web\6.0.11\spring-web-6.0.11.jar;E:\java\apache-maven-3.6.3\mavenFactory\org\springframework\spring-beans\6.0.11\spring-beans-6.0.11.jar;E:\java\apache-maven-3.6.3\mavenFactory\io\micrometer\micrometer-observation\1.11.2\micrometer-observation-1.11.2.jar;E:\java\apache-maven-3.6.3\mavenFactory\io\micrometer\micrometer-commons\1.11.2\micrometer-commons-1.11.2.jar;E:\java\apache-maven-3.6.3\mavenFactory\org\springframework\spring-webmvc\6.0.11\spring-webmvc-6.0.11.jar;E:\java\apache-maven-3.6.3\mavenFactory\org\springframework\spring-aop\6.0.11\spring-aop-6.0.11.jar;E:\java\apache-maven-3.6.3\mavenFactory\org\springframework\spring-context\6.0.11\spring-context-6.0.11.jar;E:\java\apache-maven-3.6.3\mavenFactory\org\springframework\spring-expression\6.0.11\spring-expression-6.0.11.jar;E:\java\apache-maven-3.6.3\mavenFactory\org\springframework\boot\spring-boot-devtools\3.1.2\spring-boot-devtools-3.1.2.jar;E:\java\apache-maven-3.6.3\mavenFactory\org\springframework\boot\spring-boot\3.1.2\spring-boot-3.1.2.jar;E:\java\apache-maven-3.6.3\mavenFactory\org\springframework\boot\spring-boot-autoconfigure\3.1.2\spring-boot-autoconfigure-3.1.2.jar;E:\java\apache-maven-3.6.3\mavenFactory\com\mysql\mysql-connector-j\8.0.33\mysql-connector-j-8.0.33.jar;E:\java\apache-maven-3.6.3\mavenFactory\org\projectlombok\lombok\1.18.28\lombok-1.18.28.jar;E:\java\apache-maven-3.6.3\mavenFactory\org\springframework\boot\spring-boot-starter-test\3.1.2\spring-boot-starter-test-3.1.2.jar;E:\java\apache-maven-3.6.3\mavenFactory\org\springframework\boot\spring-boot-test\3.1.2\spring-boot-test-3.1.2.jar;E:\java\apache-maven-3.6.3\mavenFactory\org\springframework\boot\spring-boot-test-autoconfigure\3.1.2\spring-boot-test-autoconfigure-3.1.2.jar;E:\java\apache-maven-3.6.3\mavenFactory\com\jayway\jsonpath\json-path\2.8.0\json-path-2.8.0.jar;E:\java\apache-maven-3.6.3\mavenFactory\jakarta\xml\bind\jakarta.xml.bind-api\4.0.0\jakarta.xml.bind-api-4.0.0.jar;E:\java\apache-maven-3.6.3\mavenFactory\jakarta\activation\jakarta.activation-api\2.1.2\jakarta.activation-api-2.1.2.jar;E:\java\apache-maven-3.6.3\mavenFactory\net\minidev\json-smart\2.4.11\json-smart-2.4.11.jar;E:\java\apache-maven-3.6.3\mavenFactory\net\minidev\accessors-smart\2.4.11\accessors-smart-2.4.11.jar;E:\java\apache-maven-3.6.3\mavenFactory\org\ow2\asm\asm\9.3\asm-9.3.jar;E:\java\apache-maven-3.6.3\mavenFactory\org\assertj\assertj-core\3.24.2\assertj-core-3.24.2.jar;E:\java\apache-maven-3.6.3\mavenFactory\net\bytebuddy\byte-buddy\1.14.5\byte-buddy-1.14.5.jar;E:\java\apache-maven-3.6.3\mavenFactory\org\hamcrest\hamcrest\2.2\hamcrest-2.2.jar;E:\java\apache-maven-3.6.3\mavenFactory\org\junit\jupiter\junit-jupiter\5.9.3\junit-jupiter-5.9.3.jar;E:\java\apache-maven-3.6.3\mavenFactory\org\junit\jupiter\junit-jupiter-api\5.9.3\junit-jupiter-api-5.9.3.jar;E:\java\apache-maven-3.6.3\mavenFactory\org\opentest4j\opentest4j\1.2.0\opentest4j-1.2.0.jar;E:\java\apache-maven-3.6.3\mavenFactory\org\junit\platform\junit-platform-commons\1.9.3\junit-platform-commons-1.9.3.jar;E:\java\apache-maven-3.6.3\mavenFactory\org\apiguardian\apiguardian-api\1.1.2\apiguardian-api-1.1.2.jar;E:\java\apache-maven-3.6.3\mavenFactory\org\junit\jupiter\junit-jupiter-params\5.9.3\junit-jupiter-params-5.9.3.jar;E:\java\apache-maven-3.6.3\mavenFactory\org\junit\jupiter\junit-jupiter-engine\5.9.3\junit-jupiter-engine-5.9.3.jar;E:\java\apache-maven-3.6.3\mavenFactory\org\junit\platform\junit-platform-engine\1.9.3\junit-platform-engine-1.9.3.jar;E:\java\apache-maven-3.6.3\mavenFactory\org\mockito\mockito-core\5.3.1\mockito-core-5.3.1.jar;E:\java\apache-maven-3.6.3\mavenFactory\net\bytebuddy\byte-buddy-agent\1.14.5\byte-buddy-agent-1.14.5.jar;E:\java\apache-maven-3.6.3\mavenFactory\org\objenesis\objenesis\3.3\objenesis-3.3.jar;E:\java\apache-maven-3.6.3\mavenFactory\org\mockito\mockito-junit-jupiter\5.3.1\mockito-junit-jupiter-5.3.1.jar;E:\java\apache-maven-3.6.3\mavenFactory\org\skyscreamer\jsonassert\1.5.1\jsonassert-1.5.1.jar;E:\java\apache-maven-3.6.3\mavenFactory\com\vaadin\external\google\android-json\0.0.20131108.vaadin1\android-json-0.0.20131108.vaadin1.jar;E:\java\apache-maven-3.6.3\mavenFactory\org\springframework\spring-core\6.0.11\spring-core-6.0.11.jar;E:\java\apache-maven-3.6.3\mavenFactory\org\springframework\spring-jcl\6.0.11\spring-jcl-6.0.11.jar;E:\java\apache-maven-3.6.3\mavenFactory\org\springframework\spring-test\6.0.11\spring-test-6.0.11.jar;E:\java\apache-maven-3.6.3\mavenFactory\org\xmlunit\xmlunit-core\2.9.1\xmlunit-core-2.9.1.jar;E:\java\apache-maven-3.6.3\mavenFactory\com\alibaba\druid\1.1.16\druid-1.1.16.jar;E:\java\apache-maven-3.6.3\mavenFactory\com\baomidou\mybatis-plus-boot-starter\3.5.3\mybatis-plus-boot-starter-3.5.3.jar;E:\java\apache-maven-3.6.3\mavenFactory\com\baomidou\mybatis-plus\3.5.3\mybatis-plus-3.5.3.jar;E:\java\apache-maven-3.6.3\mavenFactory\com\baomidou\mybatis-plus-extension\3.5.3\mybatis-plus-extension-3.5.3.jar;E:\java\apache-maven-3.6.3\mavenFactory\com\baomidou\mybatis-plus-core\3.5.3\mybatis-plus-core-3.5.3.jar;E:\java\apache-maven-3.6.3\mavenFactory\com\baomidou\mybatis-plus-annotation\3.5.3\mybatis-plus-annotation-3.5.3.jar;E:\java\apache-maven-3.6.3\mavenFactory\com\github\jsqlparser\jsqlparser\4.4\jsqlparser-4.4.jar;E:\java\apache-maven-3.6.3\mavenFactory\org\mybatis\mybatis\3.5.10\mybatis-3.5.10.jar;E:\java\apache-maven-3.6.3\mavenFactory\org\mybatis\mybatis-spring\2.0.7\mybatis-spring-2.0.7.jar;E:\java\apache-maven-3.6.3\mavenFactory\org\springframework\boot\spring-boot-starter-jdbc\3.1.2\spring-boot-starter-jdbc-3.1.2.jar;E:\java\apache-maven-3.6.3\mavenFactory\com\zaxxer\HikariCP\5.0.1\HikariCP-5.0.1.jar;E:\java\apache-maven-3.6.3\mavenFactory\org\springframework\spring-jdbc\6.0.11\spring-jdbc-6.0.11.jar;E:\java\apache-maven-3.6.3\mavenFactory\org\springframework\spring-tx\6.0.11\spring-tx-6.0.11.jar;E:\java\apache-maven-3.6.3\mavenFactory\com\alibaba\fastjson\2.0.39\fastjson-2.0.39.jar;E:\java\apache-maven-3.6.3\mavenFactory\com\alibaba\fastjson2\fastjson2-extension\2.0.39\fastjson2-extension-2.0.39.jar;E:\java\apache-maven-3.6.3\mavenFactory\com\alibaba\fastjson2\fastjson2\2.0.39\fastjson2-2.0.39.jar;E:\java\apache-maven-3.6.3\mavenFactory\com\aliyun\dysmsapi20170525\2.0.24\dysmsapi20170525-2.0.24.jar;E:\java\apache-maven-3.6.3\mavenFactory\com\aliyun\tea-util\0.2.18\tea-util-0.2.18.jar;E:\java\apache-maven-3.6.3\mavenFactory\com\google\code\gson\gson\2.10.1\gson-2.10.1.jar;E:\java\apache-maven-3.6.3\mavenFactory\com\aliyun\endpoint-util\0.0.7\endpoint-util-0.0.7.jar;E:\java\apache-maven-3.6.3\mavenFactory\com\aliyun\tea\1.2.0\tea-1.2.0.jar;E:\java\apache-maven-3.6.3\mavenFactory\com\squareup\okhttp3\okhttp\4.10.0\okhttp-4.10.0.jar;E:\java\apache-maven-3.6.3\mavenFactory\com\squareup\okio\okio-jvm\3.0.0\okio-jvm-3.0.0.jar;E:\java\apache-maven-3.6.3\mavenFactory\org\jetbrains\kotlin\kotlin-stdlib-jdk8\1.8.22\kotlin-stdlib-jdk8-1.8.22.jar;E:\java\apache-maven-3.6.3\mavenFactory\org\jetbrains\kotlin\kotlin-stdlib-jdk7\1.8.22\kotlin-stdlib-jdk7-1.8.22.jar;E:\java\apache-maven-3.6.3\mavenFactory\org\jetbrains\kotlin\kotlin-stdlib-common\1.8.22\kotlin-stdlib-common-1.8.22.jar;E:\java\apache-maven-3.6.3\mavenFactory\org\jetbrains\kotlin\kotlin-stdlib\1.8.22\kotlin-stdlib-1.8.22.jar;E:\java\apache-maven-3.6.3\mavenFactory\org\jetbrains\annotations\13.0\annotations-13.0.jar;E:\java\apache-maven-3.6.3\mavenFactory\org\jacoco\org.jacoco.agent\0.8.4\org.jacoco.agent-0.8.4-runtime.jar;E:\java\apache-maven-3.6.3\mavenFactory\com\aliyun\tea-openapi\0.2.8\tea-openapi-0.2.8.jar;E:\java\apache-maven-3.6.3\mavenFactory\com\aliyun\credentials-java\0.2.4\credentials-java-0.2.4.jar;E:\java\apache-maven-3.6.3\mavenFactory\org\ini4j\ini4j\0.5.4\ini4j-0.5.4.jar;E:\java\apache-maven-3.6.3\mavenFactory\javax\xml\bind\jaxb-api\2.3.0\jaxb-api-2.3.0.jar;E:\java\apache-maven-3.6.3\mavenFactory\com\sun\xml\bind\jaxb-core\4.0.3\jaxb-core-4.0.3.jar;E:\java\apache-maven-3.6.3\mavenFactory\org\eclipse\angus\angus-activation\2.0.1\angus-activation-2.0.1.jar;E:\java\apache-maven-3.6.3\mavenFactory\com\sun\xml\bind\jaxb-impl\4.0.3\jaxb-impl-4.0.3.jar;E:\java\apache-maven-3.6.3\mavenFactory\com\aliyun\alibabacloud-gateway-spi\0.0.1\alibabacloud-gateway-spi-0.0.1.jar;E:\java\apache-maven-3.6.3\mavenFactory\com\aliyun\tea-xml\0.1.5\tea-xml-0.1.5.jar;E:\java\apache-maven-3.6.3\mavenFactory\org\dom4j\dom4j\2.0.3\dom4j-2.0.3.jar;E:\java\apache-maven-3.6.3\mavenFactory\com\aliyun\openapiutil\0.2.1\openapiutil-0.2.1.jar;E:\java\apache-maven-3.6.3\mavenFactory\org\bouncycastle\bcpkix-jdk15on\1.70\bcpkix-jdk15on-1.70.jar;E:\java\apache-maven-3.6.3\mavenFactory\org\bouncycastle\bcprov-jdk15on\1.70\bcprov-jdk15on-1.70.jar;E:\java\apache-maven-3.6.3\mavenFactory\org\bouncycastle\bcutil-jdk15on\1.70\bcutil-jdk15on-1.70.jar;E:\java\apache-maven-3.6.3\mavenFactory\commons-codec\commons-codec\1.15\commons-codec-1.15.jar;"/>
    <property name="java.vm.vendor" value="Eclipse Adoptium"/>
    <property name="sun.arch.data.model" value="64"/>
    <property name="user.variant" value=""/>
    <property name="java.vendor.url" value="https://adoptium.net/"/>
    <property name="user.timezone" value="Asia/Shanghai"/>
    <property name="os.name" value="Windows 10"/>
    <property name="java.vm.specification.version" value="17"/>
    <property name="sun.java.launcher" value="SUN_STANDARD"/>
    <property name="user.country" value="CN"/>
    <property name="sun.boot.library.path" value="E:\java\java-jdk-17.0.6\bin"/>
    <property name="sun.java.command" value="C:\Users\Mercurows\AppData\Local\Temp\surefire10689439028735315193\surefirebooter-20230908164830076_3.jar C:\Users\Mercurows\AppData\Local\Temp\surefire10689439028735315193 2023-09-08T16-48-29_952-jvmRun1 surefire-20230908164830076_1tmp surefire_0-20230908164830076_2tmp"/>
    <property name="jdk.debug" value="release"/>
    <property name="surefire.test.class.path" value="e:\VS-Code-C\springboot_reggie\target\test-classes;e:\VS-Code-C\springboot_reggie\target\classes;E:\java\apache-maven-3.6.3\mavenFactory\org\springframework\boot\spring-boot-starter-thymeleaf\3.1.2\spring-boot-starter-thymeleaf-3.1.2.jar;E:\java\apache-maven-3.6.3\mavenFactory\org\springframework\boot\spring-boot-starter\3.1.2\spring-boot-starter-3.1.2.jar;E:\java\apache-maven-3.6.3\mavenFactory\org\springframework\boot\spring-boot-starter-logging\3.1.2\spring-boot-starter-logging-3.1.2.jar;E:\java\apache-maven-3.6.3\mavenFactory\ch\qos\logback\logback-classic\1.4.8\logback-classic-1.4.8.jar;E:\java\apache-maven-3.6.3\mavenFactory\ch\qos\logback\logback-core\1.4.8\logback-core-1.4.8.jar;E:\java\apache-maven-3.6.3\mavenFactory\org\apache\logging\log4j\log4j-to-slf4j\2.20.0\log4j-to-slf4j-2.20.0.jar;E:\java\apache-maven-3.6.3\mavenFactory\org\apache\logging\log4j\log4j-api\2.20.0\log4j-api-2.20.0.jar;E:\java\apache-maven-3.6.3\mavenFactory\org\slf4j\jul-to-slf4j\2.0.7\jul-to-slf4j-2.0.7.jar;E:\java\apache-maven-3.6.3\mavenFactory\jakarta\annotation\jakarta.annotation-api\2.1.1\jakarta.annotation-api-2.1.1.jar;E:\java\apache-maven-3.6.3\mavenFactory\org\yaml\snakeyaml\1.33\snakeyaml-1.33.jar;E:\java\apache-maven-3.6.3\mavenFactory\org\thymeleaf\thymeleaf-spring6\3.1.1.RELEASE\thymeleaf-spring6-3.1.1.RELEASE.jar;E:\java\apache-maven-3.6.3\mavenFactory\org\thymeleaf\thymeleaf\3.1.1.RELEASE\thymeleaf-3.1.1.RELEASE.jar;E:\java\apache-maven-3.6.3\mavenFactory\org\attoparser\attoparser\2.0.6.RELEASE\attoparser-2.0.6.RELEASE.jar;E:\java\apache-maven-3.6.3\mavenFactory\org\unbescape\unbescape\1.1.6.RELEASE\unbescape-1.1.6.RELEASE.jar;E:\java\apache-maven-3.6.3\mavenFactory\org\slf4j\slf4j-api\2.0.7\slf4j-api-2.0.7.jar;E:\java\apache-maven-3.6.3\mavenFactory\org\springframework\boot\spring-boot-starter-web\3.1.2\spring-boot-starter-web-3.1.2.jar;E:\java\apache-maven-3.6.3\mavenFactory\org\springframework\boot\spring-boot-starter-json\3.1.2\spring-boot-starter-json-3.1.2.jar;E:\java\apache-maven-3.6.3\mavenFactory\com\fasterxml\jackson\core\jackson-databind\2.15.2\jackson-databind-2.15.2.jar;E:\java\apache-maven-3.6.3\mavenFactory\com\fasterxml\jackson\core\jackson-annotations\2.15.2\jackson-annotations-2.15.2.jar;E:\java\apache-maven-3.6.3\mavenFactory\com\fasterxml\jackson\core\jackson-core\2.15.2\jackson-core-2.15.2.jar;E:\java\apache-maven-3.6.3\mavenFactory\com\fasterxml\jackson\datatype\jackson-datatype-jdk8\2.15.2\jackson-datatype-jdk8-2.15.2.jar;E:\java\apache-maven-3.6.3\mavenFactory\com\fasterxml\jackson\datatype\jackson-datatype-jsr310\2.15.2\jackson-datatype-jsr310-2.15.2.jar;E:\java\apache-maven-3.6.3\mavenFactory\com\fasterxml\jackson\module\jackson-module-parameter-names\2.15.2\jackson-module-parameter-names-2.15.2.jar;E:\java\apache-maven-3.6.3\mavenFactory\org\springframework\boot\spring-boot-starter-tomcat\3.1.2\spring-boot-starter-tomcat-3.1.2.jar;E:\java\apache-maven-3.6.3\mavenFactory\org\apache\tomcat\embed\tomcat-embed-core\10.1.11\tomcat-embed-core-10.1.11.jar;E:\java\apache-maven-3.6.3\mavenFactory\org\apache\tomcat\embed\tomcat-embed-el\10.1.11\tomcat-embed-el-10.1.11.jar;E:\java\apache-maven-3.6.3\mavenFactory\org\apache\tomcat\embed\tomcat-embed-websocket\10.1.11\tomcat-embed-websocket-10.1.11.jar;E:\java\apache-maven-3.6.3\mavenFactory\org\springframework\spring-web\6.0.11\spring-web-6.0.11.jar;E:\java\apache-maven-3.6.3\mavenFactory\org\springframework\spring-beans\6.0.11\spring-beans-6.0.11.jar;E:\java\apache-maven-3.6.3\mavenFactory\io\micrometer\micrometer-observation\1.11.2\micrometer-observation-1.11.2.jar;E:\java\apache-maven-3.6.3\mavenFactory\io\micrometer\micrometer-commons\1.11.2\micrometer-commons-1.11.2.jar;E:\java\apache-maven-3.6.3\mavenFactory\org\springframework\spring-webmvc\6.0.11\spring-webmvc-6.0.11.jar;E:\java\apache-maven-3.6.3\mavenFactory\org\springframework\spring-aop\6.0.11\spring-aop-6.0.11.jar;E:\java\apache-maven-3.6.3\mavenFactory\org\springframework\spring-context\6.0.11\spring-context-6.0.11.jar;E:\java\apache-maven-3.6.3\mavenFactory\org\springframework\spring-expression\6.0.11\spring-expression-6.0.11.jar;E:\java\apache-maven-3.6.3\mavenFactory\org\springframework\boot\spring-boot-devtools\3.1.2\spring-boot-devtools-3.1.2.jar;E:\java\apache-maven-3.6.3\mavenFactory\org\springframework\boot\spring-boot\3.1.2\spring-boot-3.1.2.jar;E:\java\apache-maven-3.6.3\mavenFactory\org\springframework\boot\spring-boot-autoconfigure\3.1.2\spring-boot-autoconfigure-3.1.2.jar;E:\java\apache-maven-3.6.3\mavenFactory\com\mysql\mysql-connector-j\8.0.33\mysql-connector-j-8.0.33.jar;E:\java\apache-maven-3.6.3\mavenFactory\org\projectlombok\lombok\1.18.28\lombok-1.18.28.jar;E:\java\apache-maven-3.6.3\mavenFactory\org\springframework\boot\spring-boot-starter-test\3.1.2\spring-boot-starter-test-3.1.2.jar;E:\java\apache-maven-3.6.3\mavenFactory\org\springframework\boot\spring-boot-test\3.1.2\spring-boot-test-3.1.2.jar;E:\java\apache-maven-3.6.3\mavenFactory\org\springframework\boot\spring-boot-test-autoconfigure\3.1.2\spring-boot-test-autoconfigure-3.1.2.jar;E:\java\apache-maven-3.6.3\mavenFactory\com\jayway\jsonpath\json-path\2.8.0\json-path-2.8.0.jar;E:\java\apache-maven-3.6.3\mavenFactory\jakarta\xml\bind\jakarta.xml.bind-api\4.0.0\jakarta.xml.bind-api-4.0.0.jar;E:\java\apache-maven-3.6.3\mavenFactory\jakarta\activation\jakarta.activation-api\2.1.2\jakarta.activation-api-2.1.2.jar;E:\java\apache-maven-3.6.3\mavenFactory\net\minidev\json-smart\2.4.11\json-smart-2.4.11.jar;E:\java\apache-maven-3.6.3\mavenFactory\net\minidev\accessors-smart\2.4.11\accessors-smart-2.4.11.jar;E:\java\apache-maven-3.6.3\mavenFactory\org\ow2\asm\asm\9.3\asm-9.3.jar;E:\java\apache-maven-3.6.3\mavenFactory\org\assertj\assertj-core\3.24.2\assertj-core-3.24.2.jar;E:\java\apache-maven-3.6.3\mavenFactory\net\bytebuddy\byte-buddy\1.14.5\byte-buddy-1.14.5.jar;E:\java\apache-maven-3.6.3\mavenFactory\org\hamcrest\hamcrest\2.2\hamcrest-2.2.jar;E:\java\apache-maven-3.6.3\mavenFactory\org\junit\jupiter\junit-jupiter\5.9.3\junit-jupiter-5.9.3.jar;E:\java\apache-maven-3.6.3\mavenFactory\org\junit\jupiter\junit-jupiter-api\5.9.3\junit-jupiter-api-5.9.3.jar;E:\java\apache-maven-3.6.3\mavenFactory\org\opentest4j\opentest4j\1.2.0\opentest4j-1.2.0.jar;E:\java\apache-maven-3.6.3\mavenFactory\org\junit\platform\junit-platform-commons\1.9.3\junit-platform-commons-1.9.3.jar;E:\java\apache-maven-3.6.3\mavenFactory\org\apiguardian\apiguardian-api\1.1.2\apiguardian-api-1.1.2.jar;E:\java\apache-maven-3.6.3\mavenFactory\org\junit\jupiter\junit-jupiter-params\5.9.3\junit-jupiter-params-5.9.3.jar;E:\java\apache-maven-3.6.3\mavenFactory\org\junit\jupiter\junit-jupiter-engine\5.9.3\junit-jupiter-engine-5.9.3.jar;E:\java\apache-maven-3.6.3\mavenFactory\org\junit\platform\junit-platform-engine\1.9.3\junit-platform-engine-1.9.3.jar;E:\java\apache-maven-3.6.3\mavenFactory\org\mockito\mockito-core\5.3.1\mockito-core-5.3.1.jar;E:\java\apache-maven-3.6.3\mavenFactory\net\bytebuddy\byte-buddy-agent\1.14.5\byte-buddy-agent-1.14.5.jar;E:\java\apache-maven-3.6.3\mavenFactory\org\objenesis\objenesis\3.3\objenesis-3.3.jar;E:\java\apache-maven-3.6.3\mavenFactory\org\mockito\mockito-junit-jupiter\5.3.1\mockito-junit-jupiter-5.3.1.jar;E:\java\apache-maven-3.6.3\mavenFactory\org\skyscreamer\jsonassert\1.5.1\jsonassert-1.5.1.jar;E:\java\apache-maven-3.6.3\mavenFactory\com\vaadin\external\google\android-json\0.0.20131108.vaadin1\android-json-0.0.20131108.vaadin1.jar;E:\java\apache-maven-3.6.3\mavenFactory\org\springframework\spring-core\6.0.11\spring-core-6.0.11.jar;E:\java\apache-maven-3.6.3\mavenFactory\org\springframework\spring-jcl\6.0.11\spring-jcl-6.0.11.jar;E:\java\apache-maven-3.6.3\mavenFactory\org\springframework\spring-test\6.0.11\spring-test-6.0.11.jar;E:\java\apache-maven-3.6.3\mavenFactory\org\xmlunit\xmlunit-core\2.9.1\xmlunit-core-2.9.1.jar;E:\java\apache-maven-3.6.3\mavenFactory\com\alibaba\druid\1.1.16\druid-1.1.16.jar;E:\java\apache-maven-3.6.3\mavenFactory\com\baomidou\mybatis-plus-boot-starter\3.5.3\mybatis-plus-boot-starter-3.5.3.jar;E:\java\apache-maven-3.6.3\mavenFactory\com\baomidou\mybatis-plus\3.5.3\mybatis-plus-3.5.3.jar;E:\java\apache-maven-3.6.3\mavenFactory\com\baomidou\mybatis-plus-extension\3.5.3\mybatis-plus-extension-3.5.3.jar;E:\java\apache-maven-3.6.3\mavenFactory\com\baomidou\mybatis-plus-core\3.5.3\mybatis-plus-core-3.5.3.jar;E:\java\apache-maven-3.6.3\mavenFactory\com\baomidou\mybatis-plus-annotation\3.5.3\mybatis-plus-annotation-3.5.3.jar;E:\java\apache-maven-3.6.3\mavenFactory\com\github\jsqlparser\jsqlparser\4.4\jsqlparser-4.4.jar;E:\java\apache-maven-3.6.3\mavenFactory\org\mybatis\mybatis\3.5.10\mybatis-3.5.10.jar;E:\java\apache-maven-3.6.3\mavenFactory\org\mybatis\mybatis-spring\2.0.7\mybatis-spring-2.0.7.jar;E:\java\apache-maven-3.6.3\mavenFactory\org\springframework\boot\spring-boot-starter-jdbc\3.1.2\spring-boot-starter-jdbc-3.1.2.jar;E:\java\apache-maven-3.6.3\mavenFactory\com\zaxxer\HikariCP\5.0.1\HikariCP-5.0.1.jar;E:\java\apache-maven-3.6.3\mavenFactory\org\springframework\spring-jdbc\6.0.11\spring-jdbc-6.0.11.jar;E:\java\apache-maven-3.6.3\mavenFactory\org\springframework\spring-tx\6.0.11\spring-tx-6.0.11.jar;E:\java\apache-maven-3.6.3\mavenFactory\com\alibaba\fastjson\2.0.39\fastjson-2.0.39.jar;E:\java\apache-maven-3.6.3\mavenFactory\com\alibaba\fastjson2\fastjson2-extension\2.0.39\fastjson2-extension-2.0.39.jar;E:\java\apache-maven-3.6.3\mavenFactory\com\alibaba\fastjson2\fastjson2\2.0.39\fastjson2-2.0.39.jar;E:\java\apache-maven-3.6.3\mavenFactory\com\aliyun\dysmsapi20170525\2.0.24\dysmsapi20170525-2.0.24.jar;E:\java\apache-maven-3.6.3\mavenFactory\com\aliyun\tea-util\0.2.18\tea-util-0.2.18.jar;E:\java\apache-maven-3.6.3\mavenFactory\com\google\code\gson\gson\2.10.1\gson-2.10.1.jar;E:\java\apache-maven-3.6.3\mavenFactory\com\aliyun\endpoint-util\0.0.7\endpoint-util-0.0.7.jar;E:\java\apache-maven-3.6.3\mavenFactory\com\aliyun\tea\1.2.0\tea-1.2.0.jar;E:\java\apache-maven-3.6.3\mavenFactory\com\squareup\okhttp3\okhttp\4.10.0\okhttp-4.10.0.jar;E:\java\apache-maven-3.6.3\mavenFactory\com\squareup\okio\okio-jvm\3.0.0\okio-jvm-3.0.0.jar;E:\java\apache-maven-3.6.3\mavenFactory\org\jetbrains\kotlin\kotlin-stdlib-jdk8\1.8.22\kotlin-stdlib-jdk8-1.8.22.jar;E:\java\apache-maven-3.6.3\mavenFactory\org\jetbrains\kotlin\kotlin-stdlib-jdk7\1.8.22\kotlin-stdlib-jdk7-1.8.22.jar;E:\java\apache-maven-3.6.3\mavenFactory\org\jetbrains\kotlin\kotlin-stdlib-common\1.8.22\kotlin-stdlib-common-1.8.22.jar;E:\java\apache-maven-3.6.3\mavenFactory\org\jetbrains\kotlin\kotlin-stdlib\1.8.22\kotlin-stdlib-1.8.22.jar;E:\java\apache-maven-3.6.3\mavenFactory\org\jetbrains\annotations\13.0\annotations-13.0.jar;E:\java\apache-maven-3.6.3\mavenFactory\org\jacoco\org.jacoco.agent\0.8.4\org.jacoco.agent-0.8.4-runtime.jar;E:\java\apache-maven-3.6.3\mavenFactory\com\aliyun\tea-openapi\0.2.8\tea-openapi-0.2.8.jar;E:\java\apache-maven-3.6.3\mavenFactory\com\aliyun\credentials-java\0.2.4\credentials-java-0.2.4.jar;E:\java\apache-maven-3.6.3\mavenFactory\org\ini4j\ini4j\0.5.4\ini4j-0.5.4.jar;E:\java\apache-maven-3.6.3\mavenFactory\javax\xml\bind\jaxb-api\2.3.0\jaxb-api-2.3.0.jar;E:\java\apache-maven-3.6.3\mavenFactory\com\sun\xml\bind\jaxb-core\4.0.3\jaxb-core-4.0.3.jar;E:\java\apache-maven-3.6.3\mavenFactory\org\eclipse\angus\angus-activation\2.0.1\angus-activation-2.0.1.jar;E:\java\apache-maven-3.6.3\mavenFactory\com\sun\xml\bind\jaxb-impl\4.0.3\jaxb-impl-4.0.3.jar;E:\java\apache-maven-3.6.3\mavenFactory\com\aliyun\alibabacloud-gateway-spi\0.0.1\alibabacloud-gateway-spi-0.0.1.jar;E:\java\apache-maven-3.6.3\mavenFactory\com\aliyun\tea-xml\0.1.5\tea-xml-0.1.5.jar;E:\java\apache-maven-3.6.3\mavenFactory\org\dom4j\dom4j\2.0.3\dom4j-2.0.3.jar;E:\java\apache-maven-3.6.3\mavenFactory\com\aliyun\openapiutil\0.2.1\openapiutil-0.2.1.jar;E:\java\apache-maven-3.6.3\mavenFactory\org\bouncycastle\bcpkix-jdk15on\1.70\bcpkix-jdk15on-1.70.jar;E:\java\apache-maven-3.6.3\mavenFactory\org\bouncycastle\bcprov-jdk15on\1.70\bcprov-jdk15on-1.70.jar;E:\java\apache-maven-3.6.3\mavenFactory\org\bouncycastle\bcutil-jdk15on\1.70\bcutil-jdk15on-1.70.jar;E:\java\apache-maven-3.6.3\mavenFactory\commons-codec\commons-codec\1.15\commons-codec-1.15.jar;"/>
    <property name="sun.cpu.endian" value="little"/>
    <property name="user.home" value="C:\Users\Mercurows"/>
    <property name="user.language" value="zh"/>
    <property name="java.specification.vendor" value="Oracle Corporation"/>
    <property name="java.version.date" value="2023-01-17"/>
    <property name="java.home" value="E:\java\java-jdk-17.0.6"/>
    <property name="file.separator" value="\"/>
    <property name="basedir" value="e:\VS-Code-C\springboot_reggie"/>
    <property name="java.vm.compressedOopsMode" value="Zero based"/>
    <property name="line.separator" value="&#10;"/>
    <property name="java.vm.specification.vendor" value="Oracle Corporation"/>
    <property name="java.specification.name" value="Java Platform API Specification"/>
    <property name="FILE_LOG_CHARSET" value="GBK"/>
    <property name="java.awt.headless" value="true"/>
    <property name="surefire.real.class.path" value="C:\Users\Mercurows\AppData\Local\Temp\surefire10689439028735315193\surefirebooter-20230908164830076_3.jar"/>
    <property name="user.script" value=""/>
    <property name="sun.management.compiler" value="HotSpot 64-Bit Tiered Compilers"/>
    <property name="java.runtime.version" value="17.0.6+10"/>
    <property name="user.name" value="Mercurows"/>
    <property name="path.separator" value=";"/>
    <property name="os.version" value="10.0"/>
    <property name="java.runtime.name" value="OpenJDK Runtime Environment"/>
    <property name="file.encoding" value="GBK"/>
    <property name="java.vm.name" value="OpenJDK 64-Bit Server VM"/>
    <property name="java.vendor.version" value="Temurin-17.0.6+10"/>
    <property name="localRepository" value="E:\java\apache-maven-3.6.3\mavenFactory"/>
    <property name="java.vendor.url.bug" value="https://github.com/adoptium/adoptium-support/issues"/>
    <property name="java.io.tmpdir" value="C:\Users\MERCUR~1\AppData\Local\Temp\"/>
    <property name="java.version" value="17.0.6"/>
    <property name="user.dir" value="e:\VS-Code-C\springboot_reggie"/>
    <property name="os.arch" value="amd64"/>
    <property name="java.vm.specification.name" value="Java Virtual Machine Specification"/>
    <property name="PID" value="8248"/>
    <property name="sun.os.patch.level" value=""/>
    <property name="CONSOLE_LOG_CHARSET" value="GBK"/>
    <property name="native.encoding" value="GBK"/>
    <property name="java.library.path" value="E:\java\java-jdk-17.0.6\bin;C:\Windows\Sun\Java\bin;C:\Windows\system32;C:\Windows;C:\Windows\system32;C:\Windows;C:\Windows\System32\Wbem;C:\Windows\System32\WindowsPowerShell\v1.0\;C:\Windows\System32\OpenSSH\;E:\java\java-jdk-17.0.6\bin;E:\java\java-jdk-17.0.6\jre\bin;E:\java\apache-maven-3.6.3\bin;E:\mingw64\bin;C:\Program Files\MySQL\MySQL Server 8.0\bin;E:\ffmpeg-release-full\ffmpeg-6.0-full_build\bin;C:\Program Files\dotnet\;C:\Users\Mercurows\AppData\Local\Microsoft\WindowsApps;;F:\code\Microsoft VS Code\bin;."/>
    <property name="java.vm.info" value="mixed mode, sharing"/>
    <property name="java.vendor" value="Eclipse Adoptium"/>
    <property name="java.vm.version" value="17.0.6+10"/>
    <property name="sun.io.unicode.encoding" value="UnicodeLittle"/>
    <property name="java.class.version" value="61.0"/>
  </properties>
  <testcase name="contextLoads" classname="com.mercurows.springboot_reggie.SpringbootReggieApplicationTests" time="0.852">
    <system-out><![CDATA[16:48:31.107 [main] INFO org.springframework.test.context.support.AnnotationConfigContextLoaderUtils -- Could not detect default configuration classes for test class [com.mercurows.springboot_reggie.SpringbootReggieApplicationTests]: SpringbootReggieApplicationTests does not declare any static, non-private, non-final, nested classes annotated with @Configuration.
16:48:31.350 [main] INFO org.springframework.boot.test.context.SpringBootTestContextBootstrapper -- Found @SpringBootConfiguration com.mercurows.SpringbootReggieApplication for test class com.mercurows.springboot_reggie.SpringbootReggieApplicationTests

  .   ____          _            __ _ _
 /\\ / ___'_ __ _ _(_)_ __  __ _ \ \ \ \
( ( )\___ | '_ | '_| | '_ \/ _` | \ \ \ \
 \\/  ___)| |_)| | | | | || (_| |  ) ) ) )
  '  |____| .__|_| |_|_| |_\__, | / / / /
 =========|_|==============|___/=/_/_/_/
 :: Spring Boot ::                (v3.1.2)

2023-09-08T16:48:32.279+08:00  INFO 8248 --- [           main] c.m.s.SpringbootReggieApplicationTests   : Starting SpringbootReggieApplicationTests using Java 17.0.6 with PID 8248 (started by Mercurows in e:\VS-Code-C\springboot_reggie)
2023-09-08T16:48:32.280+08:00  INFO 8248 --- [           main] c.m.s.SpringbootReggieApplicationTests   : No active profile set, falling back to 1 default profile: "default"
Logging initialized using 'class org.apache.ibatis.logging.stdout.StdOutImpl' adapter.
Registered plugin: 'com.baomidou.mybatisplus.extension.plugins.MybatisPlusInterceptor@49e4c2d5'
Property 'mapperLocations' was not specified.
 _ _   |_  _ _|_. ___ _ |    _ 
| | |\/|_)(_| | |_\  |_)||_|_\ 
     /               |         
                        3.5.3 
2023-09-08T16:48:34.296+08:00  INFO 8248 --- [           main] com.mercurows.config.WebMvcConfig        : 开始进行静态资源映射...
2023-09-08T16:48:34.673+08:00  WARN 8248 --- [           main] ion$DefaultTemplateResolverConfiguration : Cannot find template location: classpath:/templates/ (please add some templates, check your Thymeleaf configuration, or set spring.thymeleaf.check-template-location=false)
2023-09-08T16:48:34.728+08:00  INFO 8248 --- [           main] c.m.s.SpringbootReggieApplicationTests   : Started SpringbootReggieApplicationTests in 2.898 seconds (process running for 4.485)
]]></system-out>
  </testcase>
</testsuite>